This file contains any messages produced by compilers while
running configure, to aid debugging if configure makes a mistake.

It was created by rofi configure 1.7.4, which was
generated by GNU Autoconf 2.71.  Invocation command line was

  $ ../configure

## --------- ##
## Platform. ##
## --------- ##

hostname = ditali
uname -m = x86_64
uname -r = 5.19.1-arch2-1
uname -s = Linux
uname -v = #1 SMP PREEMPT_DYNAMIC Thu, 11 Aug 2022 16:06:13 +0000

/usr/bin/uname -p = unknown
/bin/uname -X     = unknown

/bin/arch              = unknown
/usr/bin/arch -k       = unknown
/usr/convex/getsysinfo = unknown
/usr/bin/hostinfo      = unknown
/bin/machine           = unknown
/usr/bin/oslevel       = unknown
/bin/universe          = unknown

PATH: /usr/local/sbin/
PATH: /usr/local/bin/
PATH: /usr/bin/
PATH: /usr/bin/site_perl/
PATH: /usr/bin/vendor_perl/
PATH: /usr/bin/core_perl/
PATH: /home/njl/.cache/antidote/https-COLON--SLASH--SLASH-github.com-SLASH-zdharma-continuum-SLASH-zsh-diff-so-fancy/bin/


## ----------- ##
## Core tests. ##
## ----------- ##

configure:2516: looking for aux files: ar-lib missing install-sh compile
configure:2529:  trying ../
configure:2558:   ../ar-lib found
configure:2558:   ../missing found
configure:2540:   ../install-sh found
configure:2558:   ../compile found
configure:2742: checking for gcc
configure:2763: found /usr/bin/gcc
configure:2774: result: gcc
configure:3127: checking for C compiler version
configure:3136: gcc --version >&5
gcc (GCC) 12.1.1 20220730
Copyright (C) 2022 Free Software Foundation, Inc.
This is free software; see the source for copying conditions.  There is NO
warranty; not even for MERCHANTABILITY or FITNESS FOR A PARTICULAR PURPOSE.

configure:3147: $? = 0
configure:3136: gcc -v >&5
Using built-in specs.
COLLECT_GCC=gcc
COLLECT_LTO_WRAPPER=/usr/lib/gcc/x86_64-pc-linux-gnu/12.1.1/lto-wrapper
Target: x86_64-pc-linux-gnu
Configured with: /build/gcc/src/gcc/configure --enable-languages=c,c++,ada,fortran,go,lto,objc,obj-c++,d --enable-bootstrap --prefix=/usr --libdir=/usr/lib --libexecdir=/usr/lib --mandir=/usr/share/man --infodir=/usr/share/info --with-bugurl=https://bugs.archlinux.org/ --with-build-config=bootstrap-lto --with-linker-hash-style=gnu --with-system-zlib --enable-__cxa_atexit --enable-cet=auto --enable-checking=release --enable-clocale=gnu --enable-default-pie --enable-default-ssp --enable-gnu-indirect-function --enable-gnu-unique-object --enable-libstdcxx-backtrace --enable-link-serialization=1 --enable-linker-build-id --enable-lto --enable-multilib --enable-plugin --enable-shared --enable-threads=posix --disable-libssp --disable-libstdcxx-pch --disable-werror
Thread model: posix
Supported LTO compression algorithms: zlib zstd
gcc version 12.1.1 20220730 (GCC) 
configure:3147: $? = 0
configure:3136: gcc -V >&5
gcc: error: unrecognized command-line option '-V'
gcc: fatal error: no input files
compilation terminated.
configure:3147: $? = 1
configure:3136: gcc -qversion >&5
gcc: error: unrecognized command-line option '-qversion'; did you mean '--version'?
gcc: fatal error: no input files
compilation terminated.
configure:3147: $? = 1
configure:3136: gcc -version >&5
gcc: error: unrecognized command-line option '-version'
gcc: fatal error: no input files
compilation terminated.
configure:3147: $? = 1
configure:3167: checking whether the C compiler works
configure:3189: gcc    conftest.c  >&5
configure:3193: $? = 0
configure:3243: result: yes
configure:3246: checking for C compiler default output file name
configure:3248: result: a.out
configure:3254: checking for suffix of executables
configure:3261: gcc -o conftest    conftest.c  >&5
configure:3265: $? = 0
configure:3288: result: 
configure:3310: checking whether we are cross compiling
configure:3318: gcc -o conftest    conftest.c  >&5
configure:3322: $? = 0
configure:3329: ./conftest
configure:3333: $? = 0
configure:3348: result: no
configure:3353: checking for suffix of object files
configure:3376: gcc -c   conftest.c >&5
configure:3380: $? = 0
configure:3402: result: o
configure:3406: checking whether the compiler supports GNU C
configure:3426: gcc -c   conftest.c >&5
configure:3426: $? = 0
configure:3436: result: yes
configure:3447: checking whether gcc accepts -g
configure:3468: gcc -c -g  conftest.c >&5
configure:3468: $? = 0
configure:3512: result: yes
configure:3532: checking for gcc option to enable C11 features
configure:3547: gcc  -c -g -O2  conftest.c >&5
configure:3547: $? = 0
configure:3565: result: none needed
configure:3681: checking whether gcc understands -c and -o together
configure:3704: gcc -c conftest.c -o conftest2.o
configure:3707: $? = 0
configure:3704: gcc -c conftest.c -o conftest2.o
configure:3707: $? = 0
configure:3719: result: yes
configure:3741: checking for flex
configure:3762: found /usr/bin/flex
configure:3773: result: flex
configure:3822: checking for lex output file root
configure:3835: flex conftest.l
configure:3839: $? = 0
configure:3847: result: lex.yy
configure:3862: checking for lex library
configure:3887: gcc -o conftest -g -O2   conftest.c  >&5
configure:3887: $? = 0
configure:3900: result: none needed
configure:3915: checking for library containing yywrap
configure:3945: gcc -o conftest -g -O2   conftest.c  >&5
/usr/bin/ld: /tmp/cc4EuK5h.o: in function `main':
/home/njl/builds/rofi-1.7.4/build/conftest.c:17: undefined reference to `yywrap'
collect2: error: ld returned 1 exit status
configure:3945: $? = 1
configure: failed program was:
| /* confdefs.h */
| #define PACKAGE_NAME "rofi"
| #define PACKAGE_TARNAME "rofi"
| #define PACKAGE_VERSION "1.7.4"
| #define PACKAGE_STRING "rofi 1.7.4"
| #define PACKAGE_BUGREPORT "https://github.com/davatorium/rofi/"
| #define PACKAGE_URL "https://reddit.com/r/qtools/"
| /* end confdefs.h.  */
| 
| /* Override any GCC internal prototype to avoid an error.
|    Use char because int might match the return type of a GCC
|    builtin and then its argument prototype would still apply.  */
| char yywrap ();
| int
| main (void)
| {
| return yywrap ();
|   ;
|   return 0;
| }
configure:3945: gcc -o conftest -g -O2   conftest.c -lfl   >&5
/usr/bin/ld: /usr/lib/gcc/x86_64-pc-linux-gnu/12.1.1/../../../../lib/libfl.so: undefined reference to `yylex'
collect2: error: ld returned 1 exit status
configure:3945: $? = 1
configure: failed program was:
| /* confdefs.h */
| #define PACKAGE_NAME "rofi"
| #define PACKAGE_TARNAME "rofi"
| #define PACKAGE_VERSION "1.7.4"
| #define PACKAGE_STRING "rofi 1.7.4"
| #define PACKAGE_BUGREPORT "https://github.com/davatorium/rofi/"
| #define PACKAGE_URL "https://reddit.com/r/qtools/"
| /* end confdefs.h.  */
| 
| /* Override any GCC internal prototype to avoid an error.
|    Use char because int might match the return type of a GCC
|    builtin and then its argument prototype would still apply.  */
| char yywrap ();
| int
| main (void)
| {
| return yywrap ();
|   ;
|   return 0;
| }
configure:3945: gcc -o conftest -g -O2   conftest.c -ll   >&5
/usr/bin/ld: cannot find -ll: No such file or directory
collect2: error: ld returned 1 exit status
configure:3945: $? = 1
configure: failed program was:
| /* confdefs.h */
| #define PACKAGE_NAME "rofi"
| #define PACKAGE_TARNAME "rofi"
| #define PACKAGE_VERSION "1.7.4"
| #define PACKAGE_STRING "rofi 1.7.4"
| #define PACKAGE_BUGREPORT "https://github.com/davatorium/rofi/"
| #define PACKAGE_URL "https://reddit.com/r/qtools/"
| /* end confdefs.h.  */
| 
| /* Override any GCC internal prototype to avoid an error.
|    Use char because int might match the return type of a GCC
|    builtin and then its argument prototype would still apply.  */
| char yywrap ();
| int
| main (void)
| {
| return yywrap ();
|   ;
|   return 0;
| }
configure:3965: result: no
configure:3981: checking whether yytext is a pointer
configure:3997: gcc -c -g -O2  conftest.c >&5
configure:3997: $? = 0
configure:4004: result: yes
configure:4020: checking for bison
configure:4041: found /usr/bin/bison
configure:4052: result: bison -y
configure:4068: checking for grep that handles long lines and -e
configure:4132: result: /usr/bin/grep
configure:4137: checking for egrep
configure:4205: result: /usr/bin/grep -E
configure:4214: checking if bison is the parser generator
configure:4229: result: yes
configure:4368: checking for a sed that does not truncate output
configure:4438: result: /usr/bin/sed
configure:4447: checking for gawk
configure:4468: found /usr/bin/gawk
configure:4479: result: gawk
configure:4499: checking for flex version
configure:4505: result: 2.6.4
configure:4581: checking for a BSD-compatible install
configure:4654: result: /usr/bin/install -c
configure:4665: checking whether build environment is sane
configure:4720: result: yes
configure:4875: checking for a race-free mkdir -p
configure:4919: result: /usr/bin/mkdir -p
configure:4922: checking whether make sets $(MAKE)
configure:4945: result: yes
configure:4967: checking whether make supports the include directive
configure:4982: make -f confmf.GNU && cat confinc.out
this is the am__doit target
configure:4985: $? = 0
configure:5004: result: yes (GNU style)
configure:5039: checking whether make supports nested variables
configure:5057: result: yes
configure:5138: checking dependency style of gcc
configure:5250: result: gcc3
configure:5334: checking whether make supports nested variables
configure:5352: result: yes
configure:5486: checking for C compiler version
configure:5495: gcc --version >&5
gcc (GCC) 12.1.1 20220730
Copyright (C) 2022 Free Software Foundation, Inc.
This is free software; see the source for copying conditions.  There is NO
warranty; not even for MERCHANTABILITY or FITNESS FOR A PARTICULAR PURPOSE.

configure:5506: $? = 0
configure:5495: gcc -v >&5
Using built-in specs.
COLLECT_GCC=gcc
COLLECT_LTO_WRAPPER=/usr/lib/gcc/x86_64-pc-linux-gnu/12.1.1/lto-wrapper
Target: x86_64-pc-linux-gnu
Configured with: /build/gcc/src/gcc/configure --enable-languages=c,c++,ada,fortran,go,lto,objc,obj-c++,d --enable-bootstrap --prefix=/usr --libdir=/usr/lib --libexecdir=/usr/lib --mandir=/usr/share/man --infodir=/usr/share/info --with-bugurl=https://bugs.archlinux.org/ --with-build-config=bootstrap-lto --with-linker-hash-style=gnu --with-system-zlib --enable-__cxa_atexit --enable-cet=auto --enable-checking=release --enable-clocale=gnu --enable-default-pie --enable-default-ssp --enable-gnu-indirect-function --enable-gnu-unique-object --enable-libstdcxx-backtrace --enable-link-serialization=1 --enable-linker-build-id --enable-lto --enable-multilib --enable-plugin --enable-shared --enable-threads=posix --disable-libssp --disable-libstdcxx-pch --disable-werror
Thread model: posix
Supported LTO compression algorithms: zlib zstd
gcc version 12.1.1 20220730 (GCC) 
configure:5506: $? = 0
configure:5495: gcc -V >&5
gcc: error: unrecognized command-line option '-V'
gcc: fatal error: no input files
compilation terminated.
configure:5506: $? = 1
configure:5495: gcc -qversion >&5
gcc: error: unrecognized command-line option '-qversion'; did you mean '--version'?
gcc: fatal error: no input files
compilation terminated.
configure:5506: $? = 1
configure:5495: gcc -version >&5
gcc: error: unrecognized command-line option '-version'
gcc: fatal error: no input files
compilation terminated.
configure:5506: $? = 1
configure:5510: checking whether the compiler supports GNU C
configure:5540: result: yes
configure:5551: checking whether gcc accepts -g
configure:5616: result: yes
configure:5636: checking for gcc option to enable C11 features
configure:5669: result: none needed
configure:5785: checking whether gcc understands -c and -o together
configure:5823: result: yes
configure:5849: checking for stdio.h
configure:5849: gcc -c -g -O2  conftest.c >&5
configure:5849: $? = 0
configure:5849: result: yes
configure:5849: checking for stdlib.h
configure:5849: gcc -c -g -O2  conftest.c >&5
configure:5849: $? = 0
configure:5849: result: yes
configure:5849: checking for string.h
configure:5849: gcc -c -g -O2  conftest.c >&5
configure:5849: $? = 0
configure:5849: result: yes
configure:5849: checking for inttypes.h
configure:5849: gcc -c -g -O2  conftest.c >&5
configure:5849: $? = 0
configure:5849: result: yes
configure:5849: checking for stdint.h
configure:5849: gcc -c -g -O2  conftest.c >&5
configure:5849: $? = 0
configure:5849: result: yes
configure:5849: checking for strings.h
configure:5849: gcc -c -g -O2  conftest.c >&5
configure:5849: $? = 0
configure:5849: result: yes
configure:5849: checking for sys/stat.h
configure:5849: gcc -c -g -O2  conftest.c >&5
configure:5849: $? = 0
configure:5849: result: yes
configure:5849: checking for sys/types.h
configure:5849: gcc -c -g -O2  conftest.c >&5
configure:5849: $? = 0
configure:5849: result: yes
configure:5849: checking for unistd.h
configure:5849: gcc -c -g -O2  conftest.c >&5
configure:5849: $? = 0
configure:5849: result: yes
configure:5849: checking for wchar.h
configure:5849: gcc -c -g -O2  conftest.c >&5
configure:5849: $? = 0
configure:5849: result: yes
configure:5849: checking for minix/config.h
configure:5849: gcc -c -g -O2  conftest.c >&5
conftest.c:50:10: fatal error: minix/config.h: No such file or directory
   50 | #include <minix/config.h>
      |          ^~~~~~~~~~~~~~~~
compilation terminated.
configure:5849: $? = 1
configure: failed program was:
| /* confdefs.h */
| #define PACKAGE_NAME "rofi"
| #define PACKAGE_TARNAME "rofi"
| #define PACKAGE_VERSION "1.7.4"
| #define PACKAGE_STRING "rofi 1.7.4"
| #define PACKAGE_BUGREPORT "https://github.com/davatorium/rofi/"
| #define PACKAGE_URL "https://reddit.com/r/qtools/"
| #define YYTEXT_POINTER 1
| #define PACKAGE "rofi"
| #define VERSION "1.7.4"
| #define HAVE_STDIO_H 1
| #define HAVE_STDLIB_H 1
| #define HAVE_STRING_H 1
| #define HAVE_INTTYPES_H 1
| #define HAVE_STDINT_H 1
| #define HAVE_STRINGS_H 1
| #define HAVE_SYS_STAT_H 1
| #define HAVE_SYS_TYPES_H 1
| #define HAVE_UNISTD_H 1
| #define HAVE_WCHAR_H 1
| /* end confdefs.h.  */
| #include <stddef.h>
| #ifdef HAVE_STDIO_H
| # include <stdio.h>
| #endif
| #ifdef HAVE_STDLIB_H
| # include <stdlib.h>
| #endif
| #ifdef HAVE_STRING_H
| # include <string.h>
| #endif
| #ifdef HAVE_INTTYPES_H
| # include <inttypes.h>
| #endif
| #ifdef HAVE_STDINT_H
| # include <stdint.h>
| #endif
| #ifdef HAVE_STRINGS_H
| # include <strings.h>
| #endif
| #ifdef HAVE_SYS_TYPES_H
| # include <sys/types.h>
| #endif
| #ifdef HAVE_SYS_STAT_H
| # include <sys/stat.h>
| #endif
| #ifdef HAVE_UNISTD_H
| # include <unistd.h>
| #endif
| #include <minix/config.h>
configure:5849: result: no
configure:5880: checking whether it is safe to define __EXTENSIONS__
configure:5899: gcc -c -g -O2  conftest.c >&5
configure:5899: $? = 0
configure:5907: result: yes
configure:5910: checking whether _XOPEN_SOURCE should be defined
configure:5932: gcc -c -g -O2  conftest.c >&5
configure:5932: $? = 0
configure:5959: result: no
configure:6064: checking for ranlib
configure:6085: found /usr/bin/ranlib
configure:6096: result: ranlib
configure:6173: checking for ar
configure:6194: found /usr/bin/ar
configure:6205: result: ar
configure:6231: checking the archiver (ar) interface
configure:6248: gcc -c -g -O2  conftest.c >&5
configure:6248: $? = 0
configure:6251: ar cru libconftest.a conftest.o >&5
ar: `u' modifier ignored since `D' is the default (see `U')
configure:6254: $? = 0
configure:6282: result: ar
configure:6364: checking for getline
configure:6364: gcc -o conftest -g -O2   conftest.c  >&5
configure:6364: $? = 0
configure:6364: result: yes
configure:6372: checking for open
configure:6372: gcc -o conftest -g -O2   conftest.c  >&5
configure:6372: $? = 0
configure:6372: result: yes
configure:6380: checking for sysconf
configure:6380: gcc -o conftest -g -O2   conftest.c  >&5
configure:6380: $? = 0
configure:6380: result: yes
configure:6388: checking for strtok_r
configure:6388: gcc -o conftest -g -O2   conftest.c  >&5
configure:6388: $? = 0
configure:6388: result: yes
configure:6396: checking for flock
configure:6396: gcc -o conftest -g -O2   conftest.c  >&5
configure:6396: $? = 0
configure:6396: result: yes
configure:6404: checking for ftruncate
configure:6404: gcc -o conftest -g -O2   conftest.c  >&5
configure:6404: $? = 0
configure:6404: result: yes
configure:6412: checking for fcntl
configure:6412: gcc -o conftest -g -O2   conftest.c  >&5
configure:6412: $? = 0
configure:6412: result: yes
configure:6420: checking for setlocale
configure:6420: gcc -o conftest -g -O2   conftest.c  >&5
configure:6420: $? = 0
configure:6420: result: yes
configure:6428: checking for atexit
configure:6428: gcc -o conftest -g -O2   conftest.c  >&5
configure:6428: $? = 0
configure:6428: result: yes
configure:6436: checking for glob
configure:6436: gcc -o conftest -g -O2   conftest.c  >&5
configure:6436: $? = 0
configure:6436: result: yes
configure:6444: checking for readdir
configure:6444: gcc -o conftest -g -O2   conftest.c  >&5
configure:6444: $? = 0
configure:6444: result: yes
configure:6453: checking for math.h
configure:6453: gcc -c -g -O2  conftest.c >&5
configure:6453: $? = 0
configure:6453: result: yes
configure:6461: checking for library containing floor
configure:6491: gcc -o conftest -g -O2   conftest.c  >&5
conftest.c:45:6: warning: conflicting types for built-in function 'floor'; expected 'double(double)' [-Wbuiltin-declaration-mismatch]
   45 | char floor ();
      |      ^~~~~
conftest.c:1:1: note: 'floor' is declared in header '<math.h>'
    1 | /* confdefs.h */
/usr/bin/ld: /tmp/ccOQu4io.o: in function `main':
/home/njl/builds/rofi-1.7.4/build/conftest.c:49: undefined reference to `floor'
collect2: error: ld returned 1 exit status
configure:6491: $? = 1
configure: failed program was:
| /* confdefs.h */
| #define PACKAGE_NAME "rofi"
| #define PACKAGE_TARNAME "rofi"
| #define PACKAGE_VERSION "1.7.4"
| #define PACKAGE_STRING "rofi 1.7.4"
| #define PACKAGE_BUGREPORT "https://github.com/davatorium/rofi/"
| #define PACKAGE_URL "https://reddit.com/r/qtools/"
| #define YYTEXT_POINTER 1
| #define PACKAGE "rofi"
| #define VERSION "1.7.4"
| #define HAVE_STDIO_H 1
| #define HAVE_STDLIB_H 1
| #define HAVE_STRING_H 1
| #define HAVE_INTTYPES_H 1
| #define HAVE_STDINT_H 1
| #define HAVE_STRINGS_H 1
| #define HAVE_SYS_STAT_H 1
| #define HAVE_SYS_TYPES_H 1
| #define HAVE_UNISTD_H 1
| #define HAVE_WCHAR_H 1
| #define STDC_HEADERS 1
| #define _ALL_SOURCE 1
| #define _DARWIN_C_SOURCE 1
| #define _GNU_SOURCE 1
| #define _HPUX_ALT_XOPEN_SOCKET_API 1
| #define _NETBSD_SOURCE 1
| #define _OPENBSD_SOURCE 1
| #define _POSIX_PTHREAD_SEMANTICS 1
| #define __STDC_WANT_IEC_60559_ATTRIBS_EXT__ 1
| #define __STDC_WANT_IEC_60559_BFP_EXT__ 1
| #define __STDC_WANT_IEC_60559_DFP_EXT__ 1
| #define __STDC_WANT_IEC_60559_FUNCS_EXT__ 1
| #define __STDC_WANT_IEC_60559_TYPES_EXT__ 1
| #define __STDC_WANT_LIB_EXT2__ 1
| #define __STDC_WANT_MATH_SPEC_FUNCS__ 1
| #define _TANDEM_SOURCE 1
| #define __EXTENSIONS__ 1
| #define ENABLE_DRUN 1
| #define WINDOW_MODE 1
| /* end confdefs.h.  */
| 
| /* Override any GCC internal prototype to avoid an error.
|    Use char because int might match the return type of a GCC
|    builtin and then its argument prototype would still apply.  */
| char floor ();
| int
| main (void)
| {
| return floor ();
|   ;
|   return 0;
| }
configure:6491: gcc -o conftest -g -O2   conftest.c -lm   >&5
conftest.c:45:6: warning: conflicting types for built-in function 'floor'; expected 'double(double)' [-Wbuiltin-declaration-mismatch]
   45 | char floor ();
      |      ^~~~~
conftest.c:1:1: note: 'floor' is declared in header '<math.h>'
    1 | /* confdefs.h */
configure:6491: $? = 0
configure:6511: result: -lm
configure:6522: checking for library containing ceil
configure:6552: gcc -o conftest -g -O2   conftest.c -lm  >&5
conftest.c:45:6: warning: conflicting types for built-in function 'ceil'; expected 'double(double)' [-Wbuiltin-declaration-mismatch]
   45 | char ceil ();
      |      ^~~~
conftest.c:1:1: note: 'ceil' is declared in header '<math.h>'
    1 | /* confdefs.h */
configure:6552: $? = 0
configure:6572: result: none required
configure:6583: checking for library containing round
configure:6613: gcc -o conftest -g -O2   conftest.c -lm  >&5
conftest.c:45:6: warning: conflicting types for built-in function 'round'; expected 'double(double)' [-Wbuiltin-declaration-mismatch]
   45 | char round ();
      |      ^~~~~
conftest.c:1:1: note: 'round' is declared in header '<math.h>'
    1 | /* confdefs.h */
configure:6613: $? = 0
configure:6633: result: none required
configure:6645: checking for sysexits.h
configure:6645: gcc -c -g -O2  conftest.c >&5
configure:6645: $? = 0
configure:6645: result: yes
configure:6653: checking for setjmp.h
configure:6653: gcc -c -g -O2  conftest.c >&5
configure:6653: $? = 0
configure:6653: result: yes
configure:6721: checking for pkg-config
configure:6744: found /usr/bin/pkg-config
configure:6756: result: /usr/bin/pkg-config
configure:6781: checking pkg-config is at least version 0.9.0
configure:6784: result: yes
configure:6800: checking for egrep
configure:6868: result: /usr/bin/grep -E
configure:6906: checking for xkbcommon >= 0.4.1
configure:6913: $PKG_CONFIG --exists --print-errors "xkbcommon >= ${nk_xkbcommon_min_version}"
configure:6916: $? = 0
configure:6930: $PKG_CONFIG --exists --print-errors "xkbcommon >= ${nk_xkbcommon_min_version}"
configure:6933: $? = 0
configure:6991: result: yes
configure:6996: $PKG_CONFIG --exists --print-errors "xkbcommon >= 0.7.0"
configure:6999: $? = 0
configure:7032: checking for gio-2.0
configure:7039: $PKG_CONFIG --exists --print-errors "gio-2.0"
configure:7042: $? = 0
configure:7056: $PKG_CONFIG --exists --print-errors "gio-2.0"
configure:7059: $? = 0
configure:7117: result: yes
configure:7123: checking for gobject-2.0
configure:7130: $PKG_CONFIG --exists --print-errors "gobject-2.0"
configure:7133: $? = 0
configure:7147: $PKG_CONFIG --exists --print-errors "gobject-2.0"
configure:7150: $? = 0
configure:7208: result: yes
configure:7239: checking for glib-2.0 >= 2.40 gio-unix-2.0 gmodule-2.0
configure:7246: $PKG_CONFIG --exists --print-errors "glib-2.0 >= ${glib_min_version} gio-unix-2.0 gmodule-2.0"
configure:7249: $? = 0
configure:7263: $PKG_CONFIG --exists --print-errors "glib-2.0 >= ${glib_min_version} gio-unix-2.0 gmodule-2.0"
configure:7266: $? = 0
configure:7324: result: yes
configure:7347: checking for glib-2.0 >= 2.36 xcb xcb-aux xcb-xkb xkbcommon xkbcommon-x11 xcb-ewmh xcb-icccm xcb-cursor xcb-randr xcb-xinerama
configure:7354: $PKG_CONFIG --exists --print-errors "glib-2.0 >= ${gw_glib_min_version} xcb xcb-aux xcb-xkb xkbcommon xkbcommon-x11 xcb-ewmh xcb-icccm xcb-cursor xcb-randr xcb-xinerama"
configure:7357: $? = 0
configure:7371: $PKG_CONFIG --exists --print-errors "glib-2.0 >= ${gw_glib_min_version} xcb xcb-aux xcb-xkb xkbcommon xkbcommon-x11 xcb-ewmh xcb-icccm xcb-cursor xcb-randr xcb-xinerama"
configure:7374: $? = 0
configure:7432: result: yes
configure:7439: checking for stdlib.h
configure:7439: result: yes
configure:7469: checking for pango pangocairo
configure:7476: $PKG_CONFIG --exists --print-errors "pango pangocairo"
configure:7479: $? = 0
configure:7493: $PKG_CONFIG --exists --print-errors "pango pangocairo"
configure:7496: $? = 0
configure:7554: result: yes
configure:7560: checking for cairo cairo-xcb
configure:7567: $PKG_CONFIG --exists --print-errors "cairo cairo-xcb"
configure:7570: $? = 0
configure:7584: $PKG_CONFIG --exists --print-errors "cairo cairo-xcb"
configure:7587: $? = 0
configure:7645: result: yes
configure:7651: checking for libstartup-notification-1.0 
configure:7658: $PKG_CONFIG --exists --print-errors "libstartup-notification-1.0 "
configure:7661: $? = 0
configure:7675: $PKG_CONFIG --exists --print-errors "libstartup-notification-1.0 "
configure:7678: $? = 0
configure:7736: result: yes
configure:7742: checking for gdk-pixbuf-2.0
configure:7749: $PKG_CONFIG --exists --print-errors "gdk-pixbuf-2.0"
configure:7752: $? = 0
configure:7766: $PKG_CONFIG --exists --print-errors "gdk-pixbuf-2.0"
configure:7769: $? = 0
configure:7827: result: yes
configure:7843: checking for check >= 0.11.0
configure:7850: $PKG_CONFIG --exists --print-errors "check >= 0.11.0"
configure:7853: $? = 0
configure:7867: $PKG_CONFIG --exists --print-errors "check >= 0.11.0"
configure:7870: $? = 0
configure:7928: result: yes
configure:8037: checking for pkg-config
configure:8072: result: /usr/bin/pkg-config
configure:8097: checking pkg-config is at least version 0.16
configure:8100: result: yes
configure:8118: checking for glib-2.0 >= 2.0.0
configure:8125: $PKG_CONFIG --exists --print-errors "$pkg_config_args"
configure:8128: $? = 0
configure:8142: $PKG_CONFIG --exists --print-errors "$pkg_config_args"
configure:8145: $? = 0
configure:8183: result: yes
configure:8193: $PKG_CONFIG --exists --print-errors "glib-2.0"
configure:8196: $? = 0
configure:8217: $PKG_CONFIG --exists --print-errors "glib-2.0"
configure:8220: $? = 0
configure:8241: $PKG_CONFIG --exists --print-errors "glib-2.0"
configure:8244: $? = 0
configure:8265: $PKG_CONFIG --exists --print-errors "gio-2.0"
configure:8268: $? = 0
configure:8285: checking for GLIB - version >= 2.0.0
configure:8391: gcc -o conftest -g -O2 -I/usr/include/glib-2.0 -I/usr/lib/glib-2.0/include -I/usr/include/sysprof-4 -pthread    conftest.c -lglib-2.0  -lm  >&5
configure:8391: $? = 0
configure:8391: ./conftest
configure:8391: $? = 0
configure:8406: result: yes (version 2.72.3)
configure:8575: checking that generated files are newer than configure
configure:8581: result: done
configure:8600: checking for locale.h
configure:8600: gcc -c -g -O2  conftest.c >&5
configure:8600: $? = 0
configure:8600: result: yes
configure:8613: checking for glib-2.0 >= 2.40
configure:8620: $PKG_CONFIG --exists --print-errors "glib-2.0 >= ${nk_glib_min_version}"
configure:8623: $? = 0
configure:8637: $PKG_CONFIG --exists --print-errors "glib-2.0 >= ${nk_glib_min_version}"
configure:8640: $? = 0
configure:8698: result: yes
configure:8704: checking for gobject-2.0
configure:8711: $PKG_CONFIG --exists --print-errors "gobject-2.0"
configure:8714: $? = 0
configure:8728: $PKG_CONFIG --exists --print-errors "gobject-2.0"
configure:8731: $? = 0
configure:8789: result: yes
configure:8884: creating ./config.status

## ---------------------- ##
## Running config.status. ##
## ---------------------- ##

This file was extended by rofi config.status 1.7.4, which was
generated by GNU Autoconf 2.71.  Invocation command line was

  CONFIG_FILES    = 
  CONFIG_HEADERS  = 
  CONFIG_LINKS    = 
  CONFIG_COMMANDS = 
  $ ./config.status 

on ditali

config.status:949: creating Makefile
config.status:949: creating doc/rofi.doxy
config.status:949: creating pkgconfig/rofi.pc
config.status:949: creating config.h
config.status:1163: executing depfiles commands
config.status:1240: cd .       && sed -e '/# am--include-marker/d' Makefile         | make -f - am--depfiles
config.status:1245: $? = 0

## ---------------- ##
## Cache variables. ##
## ---------------- ##

ac_cv_c_compiler_gnu=yes
ac_cv_env_CC_set=
ac_cv_env_CC_value=
ac_cv_env_CFLAGS_set=
ac_cv_env_CFLAGS_value=
ac_cv_env_CPPFLAGS_set=
ac_cv_env_CPPFLAGS_value=
ac_cv_env_GLIB_CFLAGS_set=
ac_cv_env_GLIB_CFLAGS_value=
ac_cv_env_GLIB_COMPILE_RESOURCES_set=
ac_cv_env_GLIB_COMPILE_RESOURCES_value=
ac_cv_env_GLIB_GENMARSHAL_set=
ac_cv_env_GLIB_GENMARSHAL_value=
ac_cv_env_GLIB_LIBS_set=
ac_cv_env_GLIB_LIBS_value=
ac_cv_env_GLIB_MKENUMS_set=
ac_cv_env_GLIB_MKENUMS_value=
ac_cv_env_GOBJECT_QUERY_set=
ac_cv_env_GOBJECT_QUERY_value=
ac_cv_env_GW_XCB_INTERNAL_CFLAGS_set=
ac_cv_env_GW_XCB_INTERNAL_CFLAGS_value=
ac_cv_env_GW_XCB_INTERNAL_LIBS_set=
ac_cv_env_GW_XCB_INTERNAL_LIBS_value=
ac_cv_env_LDFLAGS_set=
ac_cv_env_LDFLAGS_value=
ac_cv_env_LIBS_set=
ac_cv_env_LIBS_value=
ac_cv_env_PKG_CONFIG_LIBDIR_set=
ac_cv_env_PKG_CONFIG_LIBDIR_value=
ac_cv_env_PKG_CONFIG_PATH_set=
ac_cv_env_PKG_CONFIG_PATH_value=
ac_cv_env_PKG_CONFIG_set=
ac_cv_env_PKG_CONFIG_value=
ac_cv_env_YACC_set=
ac_cv_env_YACC_value=
ac_cv_env_YFLAGS_set=
ac_cv_env_YFLAGS_value=
ac_cv_env__NKUTILS_INTERNAL_GIO_CFLAGS_set=
ac_cv_env__NKUTILS_INTERNAL_GIO_CFLAGS_value=
ac_cv_env__NKUTILS_INTERNAL_GIO_LIBS_set=
ac_cv_env__NKUTILS_INTERNAL_GIO_LIBS_value=
ac_cv_env__NKUTILS_INTERNAL_GLIB_CFLAGS_set=
ac_cv_env__NKUTILS_INTERNAL_GLIB_CFLAGS_value=
ac_cv_env__NKUTILS_INTERNAL_GLIB_LIBS_set=
ac_cv_env__NKUTILS_INTERNAL_GLIB_LIBS_value=
ac_cv_env__NKUTILS_INTERNAL_GOBJECT_CFLAGS_set=
ac_cv_env__NKUTILS_INTERNAL_GOBJECT_CFLAGS_value=
ac_cv_env__NKUTILS_INTERNAL_GOBJECT_LIBS_set=
ac_cv_env__NKUTILS_INTERNAL_GOBJECT_LIBS_value=
ac_cv_env__NKUTILS_INTERNAL_TEST_CFLAGS_set=
ac_cv_env__NKUTILS_INTERNAL_TEST_CFLAGS_value=
ac_cv_env__NKUTILS_INTERNAL_TEST_LIBS_set=
ac_cv_env__NKUTILS_INTERNAL_TEST_LIBS_value=
ac_cv_env__NKUTILS_INTERNAL_XKBCOMMON_CFLAGS_set=
ac_cv_env__NKUTILS_INTERNAL_XKBCOMMON_CFLAGS_value=
ac_cv_env__NKUTILS_INTERNAL_XKBCOMMON_LIBS_set=
ac_cv_env__NKUTILS_INTERNAL_XKBCOMMON_LIBS_value=
ac_cv_env_build_alias_set=
ac_cv_env_build_alias_value=
ac_cv_env_cairo_CFLAGS_set=
ac_cv_env_cairo_CFLAGS_value=
ac_cv_env_cairo_LIBS_set=
ac_cv_env_cairo_LIBS_value=
ac_cv_env_check_CFLAGS_set=
ac_cv_env_check_CFLAGS_value=
ac_cv_env_check_LIBS_set=
ac_cv_env_check_LIBS_value=
ac_cv_env_gdkpixbuf_CFLAGS_set=
ac_cv_env_gdkpixbuf_CFLAGS_value=
ac_cv_env_gdkpixbuf_LIBS_set=
ac_cv_env_gdkpixbuf_LIBS_value=
ac_cv_env_glib_CFLAGS_set=
ac_cv_env_glib_CFLAGS_value=
ac_cv_env_glib_LIBS_set=
ac_cv_env_glib_LIBS_value=
ac_cv_env_host_alias_set=
ac_cv_env_host_alias_value=
ac_cv_env_libsn_CFLAGS_set=
ac_cv_env_libsn_CFLAGS_value=
ac_cv_env_libsn_LIBS_set=
ac_cv_env_libsn_LIBS_value=
ac_cv_env_pango_CFLAGS_set=
ac_cv_env_pango_CFLAGS_value=
ac_cv_env_pango_LIBS_set=
ac_cv_env_pango_LIBS_value=
ac_cv_env_target_alias_set=
ac_cv_env_target_alias_value=
ac_cv_func_atexit=yes
ac_cv_func_fcntl=yes
ac_cv_func_flock=yes
ac_cv_func_ftruncate=yes
ac_cv_func_getline=yes
ac_cv_func_glob=yes
ac_cv_func_open=yes
ac_cv_func_readdir=yes
ac_cv_func_setlocale=yes
ac_cv_func_strtok_r=yes
ac_cv_func_sysconf=yes
ac_cv_header_inttypes_h=yes
ac_cv_header_locale_h=yes
ac_cv_header_math_h=yes
ac_cv_header_minix_config_h=no
ac_cv_header_setjmp_h=yes
ac_cv_header_stdint_h=yes
ac_cv_header_stdio_h=yes
ac_cv_header_stdlib_h=yes
ac_cv_header_string_h=yes
ac_cv_header_strings_h=yes
ac_cv_header_sys_stat_h=yes
ac_cv_header_sys_types_h=yes
ac_cv_header_sysexits_h=yes
ac_cv_header_unistd_h=yes
ac_cv_header_wchar_h=yes
ac_cv_lib_lex='none needed'
ac_cv_objext=o
ac_cv_path_EGREP='/usr/bin/grep -E'
ac_cv_path_GREP=/usr/bin/grep
ac_cv_path_SED=/usr/bin/sed
ac_cv_path_ac_pt_PKG_CONFIG=/usr/bin/pkg-config
ac_cv_path_install='/usr/bin/install -c'
ac_cv_path_mkdir=/usr/bin/mkdir
ac_cv_prog_AWK=gawk
ac_cv_prog_LEX=flex
ac_cv_prog_YACC='bison -y'
ac_cv_prog_ac_ct_AR=ar
ac_cv_prog_ac_ct_CC=gcc
ac_cv_prog_ac_ct_RANLIB=ranlib
ac_cv_prog_cc_c11=
ac_cv_prog_cc_g=yes
ac_cv_prog_cc_stdc=
ac_cv_prog_lex_root=lex.yy
ac_cv_prog_lex_yytext_pointer=yes
ac_cv_prog_make_make_set=yes
ac_cv_safe_to_define___extensions__=yes
ac_cv_search_ceil='none required'
ac_cv_search_floor=-lm
ac_cv_search_round='none required'
ac_cv_search_yywrap=no
ac_cv_should_define__xopen_source=no
am_cv_CC_dependencies_compiler_type=gcc3
am_cv_ar_interface=ar
am_cv_make_support_nested_variables=yes
am_cv_prog_cc_c_o=yes
ax_cv_prog_bison=yes
pkg_cv_GLIB_CFLAGS='-I/usr/include/glib-2.0 -I/usr/lib/glib-2.0/include -I/usr/include/sysprof-4 -pthread '
pkg_cv_GLIB_COMPILE_RESOURCES=/usr/bin/glib-compile-resources
pkg_cv_GLIB_GENMARSHAL=/usr/bin/glib-genmarshal
pkg_cv_GLIB_LIBS='-lglib-2.0 '
pkg_cv_GLIB_MKENUMS=/usr/bin/glib-mkenums
pkg_cv_GOBJECT_QUERY=/usr/bin/gobject-query
pkg_cv_GW_XCB_INTERNAL_CFLAGS='-I/usr/include/glib-2.0 -I/usr/lib/glib-2.0/include -I/usr/include/sysprof-4 -pthread '
pkg_cv_GW_XCB_INTERNAL_LIBS='-lglib-2.0 -lxcb-util -lxcb-xkb -lxkbcommon-x11 -lxkbcommon -lxcb-ewmh -lxcb-icccm -lxcb-cursor -lxcb -lxcb-randr -lxcb-xinerama '
pkg_cv__NKUTILS_INTERNAL_GIO_CFLAGS='-I/usr/include/glib-2.0 -I/usr/lib/glib-2.0/include -I/usr/include/sysprof-4 -I/usr/include/libmount -I/usr/include/blkid -pthread '
pkg_cv__NKUTILS_INTERNAL_GIO_LIBS='-lgio-2.0 -lgobject-2.0 -lglib-2.0 '
pkg_cv__NKUTILS_INTERNAL_GLIB_CFLAGS='-I/usr/include/glib-2.0 -I/usr/lib/glib-2.0/include -I/usr/include/sysprof-4 -pthread '
pkg_cv__NKUTILS_INTERNAL_GLIB_LIBS='-lglib-2.0 '
pkg_cv__NKUTILS_INTERNAL_GOBJECT_CFLAGS='-I/usr/include/glib-2.0 -I/usr/lib/glib-2.0/include -I/usr/include/sysprof-4 -pthread '
pkg_cv__NKUTILS_INTERNAL_GOBJECT_LIBS='-lgobject-2.0 -lglib-2.0 '
pkg_cv__NKUTILS_INTERNAL_TEST_CFLAGS='-I/usr/include/glib-2.0 -I/usr/lib/glib-2.0/include -I/usr/include/sysprof-4 -pthread '
pkg_cv__NKUTILS_INTERNAL_TEST_LIBS='-lgobject-2.0 -lglib-2.0 '
pkg_cv__NKUTILS_INTERNAL_XKBCOMMON_CFLAGS=
pkg_cv__NKUTILS_INTERNAL_XKBCOMMON_LIBS='-lxkbcommon '
pkg_cv_cairo_CFLAGS='-I/usr/include/cairo -I/usr/include/lzo -I/usr/include/libpng16 -I/usr/include/freetype2 -I/usr/include/harfbuzz -I/usr/include/glib-2.0 -I/usr/lib/glib-2.0/include -I/usr/include/sysprof-4 -I/usr/include/pixman-1 -pthread '
pkg_cv_cairo_LIBS='-lcairo -lxcb -lxcb-render '
pkg_cv_check_CFLAGS='-pthread '
pkg_cv_check_LIBS='-lcheck '
pkg_cv_gdkpixbuf_CFLAGS='-I/usr/include/gdk-pixbuf-2.0 -I/usr/include/glib-2.0 -I/usr/lib/glib-2.0/include -I/usr/include/sysprof-4 -I/usr/include/libpng16 -I/usr/include/libmount -I/usr/include/blkid -pthread '
pkg_cv_gdkpixbuf_LIBS='-lgdk_pixbuf-2.0 -lgobject-2.0 -lglib-2.0 '
pkg_cv_glib_CFLAGS='-I/usr/include/glib-2.0 -I/usr/lib/glib-2.0/include -I/usr/include/sysprof-4 -I/usr/include/gio-unix-2.0 -I/usr/include/libmount -I/usr/include/blkid -pthread '
pkg_cv_glib_LIBS='-lgio-2.0 -lgobject-2.0 -Wl,--export-dynamic -lgmodule-2.0 -pthread -lglib-2.0 -lglib-2.0 '
pkg_cv_libsn_CFLAGS='-I/usr/include/startup-notification-1.0 '
pkg_cv_libsn_LIBS='-lstartup-notification-1 '
pkg_cv_pango_CFLAGS='-I/usr/include/pango-1.0 -I/usr/include/glib-2.0 -I/usr/lib/glib-2.0/include -I/usr/include/sysprof-4 -I/usr/include/harfbuzz -I/usr/include/freetype2 -I/usr/include/libpng16 -I/usr/include/libmount -I/usr/include/blkid -I/usr/include/fribidi -I/usr/include/cairo -I/usr/include/lzo -I/usr/include/pixman-1 -pthread '
pkg_cv_pango_LIBS='-lpangocairo-1.0 -lpango-1.0 -lgobject-2.0 -lglib-2.0 -lharfbuzz -lcairo '

## ----------------- ##
## Output variables. ##
## ----------------- ##

ACLOCAL='${SHELL} '\''/home/njl/builds/rofi-1.7.4/missing'\'' aclocal-1.16'
AMDEPBACKSLASH='\'
AMDEP_FALSE='#'
AMDEP_TRUE=''
AMTAR='$${TAR-tar}'
AM_BACKSLASH='\'
AM_CFLAGS='-Wall -Wextra -Wparentheses -Winline -pedantic  -Wunreachable-code'
AM_DEFAULT_V='$(AM_DEFAULT_VERBOSITY)'
AM_DEFAULT_VERBOSITY='0'
AM_V='$(V)'
AR='ar'
AUTOCONF='${SHELL} '\''/home/njl/builds/rofi-1.7.4/missing'\'' autoconf'
AUTOHEADER='${SHELL} '\''/home/njl/builds/rofi-1.7.4/missing'\'' autoheader'
AUTOMAKE='${SHELL} '\''/home/njl/builds/rofi-1.7.4/missing'\'' automake-1.16'
AWK='gawk'
CC='gcc'
CCDEPMODE='depmode=gcc3'
CFLAGS='-g -O2'
CPPFLAGS=''
CSCOPE='cscope'
CTAGS='ctags'
CYGPATH_W='echo'
DEFS='-DHAVE_CONFIG_H'
DEPDIR='.deps'
ECHO_C=''
ECHO_N='-n'
ECHO_T=''
EGREP='/usr/bin/grep -E'
ETAGS='etags'
EXEEXT=''
FLEX='flex'
FLEX_VERSION='2.6.4'
GLIB_CFLAGS='-I/usr/include/glib-2.0 -I/usr/lib/glib-2.0/include -I/usr/include/sysprof-4 -pthread '
GLIB_COMPILE_RESOURCES='/usr/bin/glib-compile-resources'
GLIB_GENMARSHAL='/usr/bin/glib-genmarshal'
GLIB_LIBS='-lglib-2.0 '
GLIB_MKENUMS='/usr/bin/glib-mkenums'
GOBJECT_QUERY='/usr/bin/gobject-query'
GREP='/usr/bin/grep'
GW_XCB_INTERNAL_CFLAGS='-I/usr/include/glib-2.0 -I/usr/lib/glib-2.0/include -I/usr/include/sysprof-4 -pthread '
GW_XCB_INTERNAL_LIBS='-lglib-2.0 -lxcb-util -lxcb-xkb -lxkbcommon-x11 -lxkbcommon -lxcb-ewmh -lxcb-icccm -lxcb-cursor -lxcb -lxcb-randr -lxcb-xinerama '
INSTALL_DATA='${INSTALL} -m 644'
INSTALL_PROGRAM='${INSTALL}'
INSTALL_SCRIPT='${INSTALL}'
INSTALL_STRIP_PROGRAM='$(install_sh) -c -s'
LDFLAGS=''
LEX='flex'
LEXLIB=''
LEX_OUTPUT_ROOT='lex.yy'
LIBOBJS=''
LIBS='-lm '
LTLIBOBJS=''
MAKEINFO='${SHELL} '\''/home/njl/builds/rofi-1.7.4/missing'\'' makeinfo'
MKDIR_P='/usr/bin/mkdir -p'
NK_ENABLE_BINDINGS_FALSE='#'
NK_ENABLE_BINDINGS_TRUE=''
NK_ENABLE_COLOUR_FALSE=''
NK_ENABLE_COLOUR_TRUE='#'
NK_ENABLE_ENUM_FALSE='#'
NK_ENABLE_ENUM_TRUE=''
NK_ENABLE_FORMAT_STRING_FALSE=''
NK_ENABLE_FORMAT_STRING_TRUE='#'
NK_ENABLE_GTK_SETTINGS_FALSE='#'
NK_ENABLE_GTK_SETTINGS_TRUE=''
NK_ENABLE_UUID_APR_UTIL_FALSE=''
NK_ENABLE_UUID_APR_UTIL_TRUE='#'
NK_ENABLE_UUID_FALSE=''
NK_ENABLE_UUID_LIBUUID_FALSE=''
NK_ENABLE_UUID_LIBUUID_TRUE='#'
NK_ENABLE_UUID_TRUE='#'
NK_ENABLE_XDG_DE_FALSE='#'
NK_ENABLE_XDG_DE_TRUE=''
NK_ENABLE_XDG_THEME_FALSE='#'
NK_ENABLE_XDG_THEME_TRUE=''
OBJEXT='o'
PACKAGE='rofi'
PACKAGE_BUGREPORT='https://github.com/davatorium/rofi/'
PACKAGE_NAME='rofi'
PACKAGE_STRING='rofi 1.7.4'
PACKAGE_TARNAME='rofi'
PACKAGE_URL='https://reddit.com/r/qtools/'
PACKAGE_VERSION='1.7.4'
PATH_SEPARATOR=':'
PKG_CONFIG='/usr/bin/pkg-config'
PKG_CONFIG_LIBDIR=''
PKG_CONFIG_PATH=''
RANLIB='ranlib'
SED='/usr/bin/sed'
SET_MAKE=''
SHELL='/bin/sh'
STRIP=''
USE_CHECK_FALSE='#'
USE_CHECK_TRUE=''
VERSION='1.7.4'
YACC='bison -o y.tab.c'
YFLAGS=''
_NKUTILS_INTERNAL_GIO_CFLAGS='-I/usr/include/glib-2.0 -I/usr/lib/glib-2.0/include -I/usr/include/sysprof-4 -I/usr/include/libmount -I/usr/include/blkid -pthread '
_NKUTILS_INTERNAL_GIO_LIBS='-lgio-2.0 -lgobject-2.0 -lglib-2.0 '
_NKUTILS_INTERNAL_GLIB_CFLAGS='-I/usr/include/glib-2.0 -I/usr/lib/glib-2.0/include -I/usr/include/sysprof-4 -pthread '
_NKUTILS_INTERNAL_GLIB_LIBS='-lglib-2.0 '
_NKUTILS_INTERNAL_GOBJECT_CFLAGS='-I/usr/include/glib-2.0 -I/usr/lib/glib-2.0/include -I/usr/include/sysprof-4 -pthread '
_NKUTILS_INTERNAL_GOBJECT_LIBS='-lgobject-2.0 -lglib-2.0 '
_NKUTILS_INTERNAL_TEST_CFLAGS='-I/usr/include/glib-2.0 -I/usr/lib/glib-2.0/include -I/usr/include/sysprof-4 -pthread '
_NKUTILS_INTERNAL_TEST_LIBS='-lgobject-2.0 -lglib-2.0 '
_NKUTILS_INTERNAL_XKBCOMMON_CFLAGS=''
_NKUTILS_INTERNAL_XKBCOMMON_LIBS='-lxkbcommon '
ac_ct_AR='ar'
ac_ct_CC='gcc'
am__EXEEXT_FALSE=''
am__EXEEXT_TRUE='#'
am__fastdepCC_FALSE='#'
am__fastdepCC_TRUE=''
am__include='include'
am__isrc=' -I$(srcdir)'
am__leading_dot='.'
am__nodep='_no'
am__quote=''
am__tar='$${TAR-tar} chof - "$$tardir"'
am__untar='$${TAR-tar} xf -'
bindir='${exec_prefix}/bin'
build_alias=''
cairo_CFLAGS='-I/usr/include/cairo -I/usr/include/lzo -I/usr/include/libpng16 -I/usr/include/freetype2 -I/usr/include/harfbuzz -I/usr/include/glib-2.0 -I/usr/lib/glib-2.0/include -I/usr/include/sysprof-4 -I/usr/include/pixman-1 -pthread '
cairo_LIBS='-lcairo -lxcb -lxcb-render '
check_CFLAGS='-pthread '
check_LIBS='-lcheck '
datadir='${datarootdir}'
datarootdir='${prefix}/share'
docdir='${datarootdir}/doc/${PACKAGE_TARNAME}'
dvidir='${docdir}'
exec_prefix='${prefix}'
gdkpixbuf_CFLAGS='-I/usr/include/gdk-pixbuf-2.0 -I/usr/include/glib-2.0 -I/usr/lib/glib-2.0/include -I/usr/include/sysprof-4 -I/usr/include/libpng16 -I/usr/include/libmount -I/usr/include/blkid -pthread '
gdkpixbuf_LIBS='-lgdk_pixbuf-2.0 -lgobject-2.0 -lglib-2.0 '
glib_CFLAGS='-I/usr/include/glib-2.0 -I/usr/lib/glib-2.0/include -I/usr/include/sysprof-4 -I/usr/include/gio-unix-2.0 -I/usr/include/libmount -I/usr/include/blkid -pthread '
glib_LIBS='-lgio-2.0 -lgobject-2.0 -Wl,--export-dynamic -lgmodule-2.0 -pthread -lglib-2.0 -lglib-2.0 '
host_alias=''
htmldir='${docdir}'
includedir='${prefix}/include'
infodir='${datarootdir}/info'
install_sh='${SHELL} /home/njl/builds/rofi-1.7.4/install-sh'
libdir='${exec_prefix}/lib'
libexecdir='${exec_prefix}/libexec'
libsn_CFLAGS='-I/usr/include/startup-notification-1.0 '
libsn_LIBS='-lstartup-notification-1 '
localedir='${datarootdir}/locale'
localstatedir='${prefix}/var'
mandir='${datarootdir}/man'
mkdir_p='$(MKDIR_P)'
oldincludedir='/usr/include'
pango_CFLAGS='-I/usr/include/pango-1.0 -I/usr/include/glib-2.0 -I/usr/lib/glib-2.0/include -I/usr/include/sysprof-4 -I/usr/include/harfbuzz -I/usr/include/freetype2 -I/usr/include/libpng16 -I/usr/include/libmount -I/usr/include/blkid -I/usr/include/fribidi -I/usr/include/cairo -I/usr/include/lzo -I/usr/include/pixman-1 -pthread '
pango_LIBS='-lpangocairo-1.0 -lpango-1.0 -lgobject-2.0 -lglib-2.0 -lharfbuzz -lcairo '
pdfdir='${docdir}'
prefix='/usr/local'
program_transform_name='s,x,x,'
psdir='${docdir}'
runstatedir='${localstatedir}/run'
sbindir='${exec_prefix}/sbin'
sharedstatedir='${prefix}/com'
sysconfdir='${prefix}/etc'
target_alias=''

## ----------- ##
## confdefs.h. ##
## ----------- ##

/* confdefs.h */
#define PACKAGE_NAME "rofi"
#define PACKAGE_TARNAME "rofi"
#define PACKAGE_VERSION "1.7.4"
#define PACKAGE_STRING "rofi 1.7.4"
#define PACKAGE_BUGREPORT "https://github.com/davatorium/rofi/"
#define PACKAGE_URL "https://reddit.com/r/qtools/"
#define YYTEXT_POINTER 1
#define PACKAGE "rofi"
#define VERSION "1.7.4"
#define HAVE_STDIO_H 1
#define HAVE_STDLIB_H 1
#define HAVE_STRING_H 1
#define HAVE_INTTYPES_H 1
#define HAVE_STDINT_H 1
#define HAVE_STRINGS_H 1
#define HAVE_SYS_STAT_H 1
#define HAVE_SYS_TYPES_H 1
#define HAVE_UNISTD_H 1
#define HAVE_WCHAR_H 1
#define STDC_HEADERS 1
#define _ALL_SOURCE 1
#define _DARWIN_C_SOURCE 1
#define _GNU_SOURCE 1
#define _HPUX_ALT_XOPEN_SOCKET_API 1
#define _NETBSD_SOURCE 1
#define _OPENBSD_SOURCE 1
#define _POSIX_PTHREAD_SEMANTICS 1
#define __STDC_WANT_IEC_60559_ATTRIBS_EXT__ 1
#define __STDC_WANT_IEC_60559_BFP_EXT__ 1
#define __STDC_WANT_IEC_60559_DFP_EXT__ 1
#define __STDC_WANT_IEC_60559_FUNCS_EXT__ 1
#define __STDC_WANT_IEC_60559_TYPES_EXT__ 1
#define __STDC_WANT_LIB_EXT2__ 1
#define __STDC_WANT_MATH_SPEC_FUNCS__ 1
#define _TANDEM_SOURCE 1
#define __EXTENSIONS__ 1
#define ENABLE_DRUN 1
#define WINDOW_MODE 1
#define NK_XKBCOMMON_HAS_COMPOSE 1
#define NK_XKBCOMMON_HAS_CONSUMED2 1
#define GLIB_VERSION_MIN_REQUIRED (G_ENCODE_VERSION(2,40))
#define GLIB_VERSION_MAX_ALLOWED (G_ENCODE_VERSION(2,40))
#define HAVE_STDLIB_H 1
#define HAVE_LOCALE_H 1

configure: exit 0
